<?xml version="1.0" encoding="UTF-8"?><testsuite errors="0" failures="1" name="Pasar Plata Core" skipped="0" tests="1" time="43.27" timestamp="2024-08-20 05:20:59"><testcase name="CP0030M_SYS_Realizar un pasar plata exitoso con un usuario MET - CC a un monedero MET"><failure message="No se pudo dar clic en el boton salir de redeban //img[contains(@src, 'logout.gif')] debido a: Session ID is null. Using WebDriver after calling quit()?&#10;Build info: version: '3.14.0', revision: 'aacccce0', time: '2018-08-02T20:19:58.91Z'&#10;System info: host: 'JPDONGUT-JW37PV36DC', ip: 'fe80:0:0:0:1006:c8dc:5700:ef12%en0', os.name: 'Mac OS X', os.arch: 'x86_64', os.version: '14.3.1', java.version: '1.8.0_411'&#10;Driver info: driver.version: RemoteWebDriver" type="java.lang.AssertionError">No se pudo dar clic en el boton salir de redeban //img[contains(@src, 'logout.gif')] debido a: Session ID is null. Using WebDriver after calling quit()?
Build info: version: '3.14.0', revision: 'aacccce0', time: '2018-08-02T20:19:58.91Z'
System info: host: 'JPDONGUT-JW37PV36DC', ip: 'fe80:0:0:0:1006:c8dc:5700:ef12%en0', os.name: 'Mac OS X', os.arch: 'x86_64', os.version: '14.3.1', java.version: '1.8.0_411'
Driver info: driver.version: RemoteWebDriver</failure><system-err>No se pudo dar clic en el boton salir de redeban //img[contains(@src, 'logout.gif')] debido a: Session ID is null. Using WebDriver after calling quit()?
Build info: version: '3.14.0', revision: 'aacccce0', time: '2018-08-02T20:19:58.91Z'
System info: host: 'JPDONGUT-JW37PV36DC', ip: 'fe80:0:0:0:1006:c8dc:5700:ef12%en0', os.name: 'Mac OS X', os.arch: 'x86_64', os.version: '14.3.1', java.version: '1.8.0_411'
Driver info: driver.version: RemoteWebDriver
civica.nacional.iOS.pageObjects.WebRedebanPageObjects.clicBtnSalir(WebRedebanPageObjects.java:1236)
civica.nacional.iOS.pageObjects.WebRedebanPageObjects.clicBtnSalir(WebRedebanPageObjects.java:1234)
civica.nacional.iOS.pageObjects.WebRedebanPageObjects.clicBtnSalir(WebRedebanPageObjects.java:1234)
civica.nacional.iOS.pageObjects.WebRedebanPageObjects.clicBtnSalir(WebRedebanPageObjects.java:1234)
civica.nacional.iOS.pageObjects.WebRedebanPageObjects.clicBtnSalir(WebRedebanPageObjects.java:1234)
civica.nacional.iOS.steps.WebRedebanSteps.logOut(WebRedebanSteps.java:466)
civica.nacional.iOS.steps.WebRedebanSteps.consultaNumeroCelular(WebRedebanSteps.java:350)
civica.nacional.iOS.definitions.WebRedebanDefinitions.obtenerNumeroCelularActualEnRedebanAumentoDeTopes(WebRedebanDefinitions.java:210)
cucumber.runner.Runner.runPickle(Runner.java:80)
civica.nacional.iOS.runners.RunnerPersonalizado.run(RunnerPersonalizado.java:62)
org.eclipse.jdt.internal.junit4.runner.JUnit4TestReference.run(JUnit4TestReference.java:93)
org.eclipse.jdt.internal.junit.runner.TestExecution.run(TestExecution.java:40)
org.eclipse.jdt.internal.junit.runner.RemoteTestRunner.runTests(RemoteTestRunner.java:529)
org.eclipse.jdt.internal.junit.runner.RemoteTestRunner.runTests(RemoteTestRunner.java:756)
org.eclipse.jdt.internal.junit.runner.RemoteTestRunner.run(RemoteTestRunner.java:452)
org.eclipse.jdt.internal.junit.runner.RemoteTestRunner.main(RemoteTestRunner.java:210)
</system-err></testcase></testsuite>