<?xml version="1.0" encoding="UTF-8"?><testsuite errors="1" failures="0" name="Registro Civica" skipped="0" tests="1" time="89.78" timestamp="2024-09-04 09:49:06"><testcase name="CP0027M_SYS_Validar el registro de un usuario TI, quede con subtipo MET + Mensaje de Bienvenida"><error message="Cannot locate an element using By.xpath: //XCUIElementTypePickerWheel[@value='Cédula de ciudadanía']&#10;For documentation on this error, please visit: http://seleniumhq.org/exceptions/no_such_element.html&#10;Build info: version: '3.14.0', revision: 'aacccce0', time: '2018-08-02T20:19:58.91Z'&#10;System info: host: 'JPDONGUT-JW37PV36DC', ip: 'fe80:0:0:0:1006:c8dc:5700:ef12%en0', os.name: 'Mac OS X', os.arch: 'x86_64', os.version: '14.3.1', java.version: '1.8.0_411'&#10;Driver info: driver.version: unknown&#10;For documentation on this error, please visit: http://seleniumhq.org/exceptions/no_such_element.html&#10;Build info: version: '3.14.0', revision: 'aacccce0', time: '2018-08-02T20:19:58.91Z'&#10;System info: host: 'JPDONGUT-JW37PV36DC', ip: 'fe80:0:0:0:1006:c8dc:5700:ef12%en0', os.name: 'Mac OS X', os.arch: 'x86_64', os.version: '14.3.1', java.version: '1.8.0_411'&#10;Driver info: driver.version: unknown" type="org.openqa.selenium.NoSuchElementException">Cannot locate an element using By.xpath: //XCUIElementTypePickerWheel[@value='Cédula de ciudadanía']
For documentation on this error, please visit: http://seleniumhq.org/exceptions/no_such_element.html
Build info: version: '3.14.0', revision: 'aacccce0', time: '2018-08-02T20:19:58.91Z'
System info: host: 'JPDONGUT-JW37PV36DC', ip: 'fe80:0:0:0:1006:c8dc:5700:ef12%en0', os.name: 'Mac OS X', os.arch: 'x86_64', os.version: '14.3.1', java.version: '1.8.0_411'
Driver info: driver.version: unknown
For documentation on this error, please visit: http://seleniumhq.org/exceptions/no_such_element.html
Build info: version: '3.14.0', revision: 'aacccce0', time: '2018-08-02T20:19:58.91Z'
System info: host: 'JPDONGUT-JW37PV36DC', ip: 'fe80:0:0:0:1006:c8dc:5700:ef12%en0', os.name: 'Mac OS X', os.arch: 'x86_64', os.version: '14.3.1', java.version: '1.8.0_411'
Driver info: driver.version: unknown</error><system-err>Cannot locate an element using By.xpath: //XCUIElementTypePickerWheel[@value='Cédula de ciudadanía']
For documentation on this error, please visit: http://seleniumhq.org/exceptions/no_such_element.html
Build info: version: '3.14.0', revision: 'aacccce0', time: '2018-08-02T20:19:58.91Z'
System info: host: 'JPDONGUT-JW37PV36DC', ip: 'fe80:0:0:0:1006:c8dc:5700:ef12%en0', os.name: 'Mac OS X', os.arch: 'x86_64', os.version: '14.3.1', java.version: '1.8.0_411'
Driver info: driver.version: unknown
For documentation on this error, please visit: http://seleniumhq.org/exceptions/no_such_element.html
Build info: version: '3.14.0', revision: 'aacccce0', time: '2018-08-02T20:19:58.91Z'
System info: host: 'JPDONGUT-JW37PV36DC', ip: 'fe80:0:0:0:1006:c8dc:5700:ef12%en0', os.name: 'Mac OS X', os.arch: 'x86_64', os.version: '14.3.1', java.version: '1.8.0_411'
Driver info: driver.version: unknown
civica.nacional.iOS.utilidades.UtilidadesTCS.findElement(UtilidadesTCS.java:192)
civica.nacional.iOS.utilidades.UtilidadesTCS.scrollToElement(UtilidadesTCS.java:50)
civica.nacional.iOS.steps.RegistroCivicaSteps.enterCredentials1(RegistroCivicaSteps.java:30)
civica.nacional.iOS.definitions.RegistroCivicaDefinitions.registroDeLasCredencialesManual(RegistroCivicaDefinitions.java:24)
cucumber.runner.Runner.runPickle(Runner.java:80)
civica.nacional.iOS.runners.RunnerPersonalizado.run(RunnerPersonalizado.java:62)
org.eclipse.jdt.internal.junit4.runner.JUnit4TestReference.run(JUnit4TestReference.java:93)
org.eclipse.jdt.internal.junit.runner.TestExecution.run(TestExecution.java:40)
org.eclipse.jdt.internal.junit.runner.RemoteTestRunner.runTests(RemoteTestRunner.java:529)
org.eclipse.jdt.internal.junit.runner.RemoteTestRunner.runTests(RemoteTestRunner.java:756)
org.eclipse.jdt.internal.junit.runner.RemoteTestRunner.run(RemoteTestRunner.java:452)
org.eclipse.jdt.internal.junit.runner.RemoteTestRunner.main(RemoteTestRunner.java:210)
</system-err></testcase></testsuite>