<?xml version="1.0" encoding="UTF-8"?><testsuite errors="1" failures="0" name="Login Robusto. Escenarios que permiten realizar login controlado" skipped="0" tests="1" time="0.45" timestamp="2023-11-21 11:48:09"><testcase name="Login"><error message="org/openqa/selenium/devtools/HasDevTools" type="java.lang.NoClassDefFoundError">org/openqa/selenium/devtools/HasDevTools</error><system-err>org/openqa/selenium/devtools/HasDevTools
cucumber.runner.UnskipableStep.executeStep(UnskipableStep.java:22)
cucumber.runner.Runner.runPickle(Runner.java:80)
daviplata.nacional.iOS.runners.RunnerPersonalizado.run(RunnerPersonalizado.java:63)
org.eclipse.jdt.internal.junit4.runner.JUnit4TestReference.run(JUnit4TestReference.java:93)
org.eclipse.jdt.internal.junit.runner.TestExecution.run(TestExecution.java:40)
org.eclipse.jdt.internal.junit.runner.RemoteTestRunner.runTests(RemoteTestRunner.java:529)
org.eclipse.jdt.internal.junit.runner.RemoteTestRunner.runTests(RemoteTestRunner.java:756)
org.eclipse.jdt.internal.junit.runner.RemoteTestRunner.run(RemoteTestRunner.java:452)
org.eclipse.jdt.internal.junit.runner.RemoteTestRunner.main(RemoteTestRunner.java:210)
</system-err></testcase></testsuite>