<?xml version="1.0" encoding="UTF-8"?><testsuite errors="0" failures="1" name="Cambio de clave" skipped="0" tests="1" time="116.83" timestamp="2024-02-12 08:35:05"><testcase name="CP0017CM_SYS_Realizar el cambio de clave para un usuario MIGRADO."><failure message="No pudo interactuar con el elemento: //XCUIElementTypeSecureTextField[@name=&quot;Ingresa tu clave&quot;]" type="java.lang.AssertionError">No pudo interactuar con el elemento: //XCUIElementTypeSecureTextField[@name="Ingresa tu clave"]</failure><system-err>No pudo interactuar con el elemento: //XCUIElementTypeSecureTextField[@name="Ingresa tu clave"]
civica.nacional.iOS.utilidades.UtilidadesTCS.clicElement(UtilidadesTCS.java:211)
civica.nacional.iOS.steps.LoginCivicaSteps.enterCredentials(LoginCivicaSteps.java:100)
civica.nacional.iOS.definitions.LoginCivicaDefinitions.ingresoLasCredenciales(LoginCivicaDefinitions.java:37)
✽.ingreso las credenciales "CC" "999798" "2580"(src/test/resources/features/CambioClaveCivica.feature:121)
</system-err></testcase></testsuite>