<?xml version="1.0" encoding="UTF-8"?><testsuite errors="0" failures="1" name="Pasar Plata Core" skipped="0" tests="1" time="34.55" timestamp="2024-01-31 03:12:46"><testcase name="CP0030M_SYS_Realizar un pasar plata exitoso con un usuario MET - CC a un monedero Civica"><failure message="No se pudo dar clic en el boton salir de redeban //img[contains(@src, 'logout.gif')] debido a: null" type="java.lang.AssertionError">No se pudo dar clic en el boton salir de redeban //img[contains(@src, 'logout.gif')] debido a: null</failure><system-err>No se pudo dar clic en el boton salir de redeban //img[contains(@src, 'logout.gif')] debido a: null
civica.nacional.iOS.pageObjects.WebRedebanPageObjects.clicBtnSalir(WebRedebanPageObjects.java:1231)
civica.nacional.iOS.pageObjects.WebRedebanPageObjects.clicBtnSalir(WebRedebanPageObjects.java:1229)
civica.nacional.iOS.pageObjects.WebRedebanPageObjects.clicBtnSalir(WebRedebanPageObjects.java:1229)
civica.nacional.iOS.pageObjects.WebRedebanPageObjects.clicBtnSalir(WebRedebanPageObjects.java:1229)
civica.nacional.iOS.pageObjects.WebRedebanPageObjects.clicBtnSalir(WebRedebanPageObjects.java:1229)
civica.nacional.iOS.steps.WebRedebanSteps.logOut(WebRedebanSteps.java:462)
civica.nacional.iOS.steps.WebRedebanSteps.consultaNumeroCelular(WebRedebanSteps.java:350)
civica.nacional.iOS.definitions.WebRedebanDefinitions.obtenerNumeroCelularActualEnRedebanAumentoDeTopes(WebRedebanDefinitions.java:209)
cucumber.runner.Runner.runPickle(Runner.java:80)
civica.nacional.iOS.runners.RunnerPersonalizado.run(RunnerPersonalizado.java:62)
org.eclipse.jdt.internal.junit4.runner.JUnit4TestReference.run(JUnit4TestReference.java:93)
org.eclipse.jdt.internal.junit.runner.TestExecution.run(TestExecution.java:40)
org.eclipse.jdt.internal.junit.runner.RemoteTestRunner.runTests(RemoteTestRunner.java:529)
org.eclipse.jdt.internal.junit.runner.RemoteTestRunner.runTests(RemoteTestRunner.java:756)
org.eclipse.jdt.internal.junit.runner.RemoteTestRunner.run(RemoteTestRunner.java:452)
org.eclipse.jdt.internal.junit.runner.RemoteTestRunner.main(RemoteTestRunner.java:210)
</system-err></testcase></testsuite>