<?xml version="1.0" encoding="UTF-8"?><testsuite errors="0" failures="1" name="Cambio de clave" skipped="0" tests="1" time="146.4" timestamp="2024-08-01 11:35:21"><testcase name="CP0014M_SYS_Realizar el cambio de clave para un usuario MET - CE."><failure message="Tiempo de espera excedido: Expected condition failed: waiting for presence of element located by: By.xpath: //XCUIElementTypeStaticText[contains(@name,'$')] (tried for 1 second(s) with 500 milliseconds interval)" type="java.lang.AssertionError">Tiempo de espera excedido: Expected condition failed: waiting for presence of element located by: By.xpath: //XCUIElementTypeStaticText[contains(@name,'$')] (tried for 1 second(s) with 500 milliseconds interval)</failure><system-err>Tiempo de espera excedido: Expected condition failed: waiting for presence of element located by: By.xpath: //XCUIElementTypeStaticText[contains(@name,'$')] (tried for 1 second(s) with 500 milliseconds interval)
civica.nacional.iOS.steps.LoginCivicaSteps.verifyToBeInsideTheApp(LoginCivicaSteps.java:204)
civica.nacional.iOS.definitions.LoginCivicaDefinitions.verificoQueMeEncuentroEnElInicioDeLaApp(LoginCivicaDefinitions.java:48)
✽.verifico que me encuentro en el inicio de la app(src/test/resources/features/CambioClaveCivica.feature:33)
</system-err></testcase></testsuite>