<?xml version="1.0" encoding="UTF-8"?><testsuite errors="0" failures="1" name="Login Civica" skipped="0" tests="1" time="168.66" timestamp="2024-08-29 10:23:01"><testcase name="Login_CP0004M_SYS_Validar el ingreso a la APP Cívica con un usuario MIGRADO."><failure message="Tiempo de espera excedido: Expected condition failed: waiting for presence of element located by: By.xpath: //XCUIElementTypeStaticText[contains(@name,'$')] (tried for 1 second(s) with 500 milliseconds interval)" type="java.lang.AssertionError">Tiempo de espera excedido: Expected condition failed: waiting for presence of element located by: By.xpath: //XCUIElementTypeStaticText[contains(@name,'$')] (tried for 1 second(s) with 500 milliseconds interval)</failure><system-err>Tiempo de espera excedido: Expected condition failed: waiting for presence of element located by: By.xpath: //XCUIElementTypeStaticText[contains(@name,'$')] (tried for 1 second(s) with 500 milliseconds interval)
civica.nacional.iOS.steps.LoginCivicaSteps.verifyToBeInsideTheApp(LoginCivicaSteps.java:260)
civica.nacional.iOS.definitions.LoginCivicaDefinitions.verificoQueMeEncuentroEnElInicioDeLaApp(LoginCivicaDefinitions.java:48)
✽.verifico que me encuentro en el inicio de la app(src/test/resources/features/LoginCivica.feature:63)
</system-err></testcase></testsuite>