<?xml version="1.0" encoding="UTF-8"?><testsuite errors="1" failures="2" name="Recargar Celular Cívica" skipped="0" tests="3" time="513.9" timestamp="2023-12-26 02:53:12"><testcase name="CP0043M_SYS_Realizar una recarga de celular con un usuario CC."><error message="An unknown server-side error occurred while processing the command. Original error: Could not proxy command to the remote server. Original error: connect ECONNREFUSED 127.0.0.1:8100&#10;Build info: version: '3.14.0', revision: 'aacccce0', time: '2018-08-02T20:19:58.91Z'&#10;System info: host: 'MacBook-Pro-de-Pruebas.local', ip: 'fe80:0:0:0:18e4:493:16f7:2e79%en0', os.name: 'Mac OS X', os.arch: 'x86_64', os.version: '13.5', java.version: '1.8.0_391'&#10;Driver info: io.appium.java_client.AppiumDriver&#10;Capabilities {autoAcceptAlerts: true, automationName: XCUITest, browserName: , bundleId: com.valid.superappcivica.lab, databaseEnabled: false, deviceName: iPhone 12, javascriptEnabled: true, locationContextEnabled: false, networkConnectionEnabled: false, newCommandTimeout: 240, platform: MAC, platformName: MAC, platformVersion: 17, takesScreenshot: true, udid: 00008101-000E35003688801E, webStorageEnabled: false}&#10;Session ID: 0235604b-15a0-462a-a775-8ab9ffb30be8&#10;Build info: version: '3.14.0', revision: 'aacccce0', time: '2018-08-02T20:19:58.91Z'&#10;System info: host: 'MacBook-Pro-de-Pruebas.local', ip: 'fe80:0:0:0:18e4:493:16f7:2e79%en0', os.name: 'Mac OS X', os.arch: 'x86_64', os.version: '13.5', java.version: '1.8.0_391'&#10;Driver info: driver.version: AppiumDriver" type="org.openqa.selenium.WebDriverException">An unknown server-side error occurred while processing the command. Original error: Could not proxy command to the remote server. Original error: connect ECONNREFUSED 127.0.0.1:8100
Build info: version: '3.14.0', revision: 'aacccce0', time: '2018-08-02T20:19:58.91Z'
System info: host: 'MacBook-Pro-de-Pruebas.local', ip: 'fe80:0:0:0:18e4:493:16f7:2e79%en0', os.name: 'Mac OS X', os.arch: 'x86_64', os.version: '13.5', java.version: '1.8.0_391'
Driver info: io.appium.java_client.AppiumDriver
Capabilities {autoAcceptAlerts: true, automationName: XCUITest, browserName: , bundleId: com.valid.superappcivica.lab, databaseEnabled: false, deviceName: iPhone 12, javascriptEnabled: true, locationContextEnabled: false, networkConnectionEnabled: false, newCommandTimeout: 240, platform: MAC, platformName: MAC, platformVersion: 17, takesScreenshot: true, udid: 00008101-000E35003688801E, webStorageEnabled: false}
Session ID: 0235604b-15a0-462a-a775-8ab9ffb30be8
Build info: version: '3.14.0', revision: 'aacccce0', time: '2018-08-02T20:19:58.91Z'
System info: host: 'MacBook-Pro-de-Pruebas.local', ip: 'fe80:0:0:0:18e4:493:16f7:2e79%en0', os.name: 'Mac OS X', os.arch: 'x86_64', os.version: '13.5', java.version: '1.8.0_391'
Driver info: driver.version: AppiumDriver</error><system-err>An unknown server-side error occurred while processing the command. Original error: Could not proxy command to the remote server. Original error: connect ECONNREFUSED 127.0.0.1:8100
Build info: version: '3.14.0', revision: 'aacccce0', time: '2018-08-02T20:19:58.91Z'
System info: host: 'MacBook-Pro-de-Pruebas.local', ip: 'fe80:0:0:0:18e4:493:16f7:2e79%en0', os.name: 'Mac OS X', os.arch: 'x86_64', os.version: '13.5', java.version: '1.8.0_391'
Driver info: io.appium.java_client.AppiumDriver
Capabilities {autoAcceptAlerts: true, automationName: XCUITest, browserName: , bundleId: com.valid.superappcivica.lab, databaseEnabled: false, deviceName: iPhone 12, javascriptEnabled: true, locationContextEnabled: false, networkConnectionEnabled: false, newCommandTimeout: 240, platform: MAC, platformName: MAC, platformVersion: 17, takesScreenshot: true, udid: 00008101-000E35003688801E, webStorageEnabled: false}
Session ID: 0235604b-15a0-462a-a775-8ab9ffb30be8
Build info: version: '3.14.0', revision: 'aacccce0', time: '2018-08-02T20:19:58.91Z'
System info: host: 'MacBook-Pro-de-Pruebas.local', ip: 'fe80:0:0:0:18e4:493:16f7:2e79%en0', os.name: 'Mac OS X', os.arch: 'x86_64', os.version: '13.5', java.version: '1.8.0_391'
Driver info: driver.version: AppiumDriver
io.appium.java_client.remote.AppiumCommandExecutor.execute(AppiumCommandExecutor.java:231)
io.appium.java_client.DefaultGenericMobileDriver.execute(DefaultGenericMobileDriver.java:42)
io.appium.java_client.AppiumDriver.execute(AppiumDriver.java:1)
civica.nacional.iOS.definitions.Hooks.FinalizarTests(Hooks.java:87)
cucumber.runner.UnskipableStep.executeStep(UnskipableStep.java:22)
cucumber.runner.Runner.runPickle(Runner.java:80)
civica.nacional.iOS.runners.RunnerPersonalizado.run(RunnerPersonalizado.java:62)
org.eclipse.jdt.internal.junit4.runner.JUnit4TestReference.run(JUnit4TestReference.java:93)
org.eclipse.jdt.internal.junit.runner.TestExecution.run(TestExecution.java:40)
org.eclipse.jdt.internal.junit.runner.RemoteTestRunner.runTests(RemoteTestRunner.java:529)
org.eclipse.jdt.internal.junit.runner.RemoteTestRunner.runTests(RemoteTestRunner.java:756)
org.eclipse.jdt.internal.junit.runner.RemoteTestRunner.run(RemoteTestRunner.java:452)
org.eclipse.jdt.internal.junit.runner.RemoteTestRunner.main(RemoteTestRunner.java:210)
</system-err></testcase><testcase name="CP0044M_SYS_Realizar una recarga de celular con un usuario CE."><failure message="&#10;Expected: &quot;540200&quot;&#10;     but: was &quot;555630&quot;" type="java.lang.AssertionError">
Expected: "540200"
     but: was "555630"</failure><system-err>
Expected: "540200"
     but: was "555630"
civica.nacional.iOS.utilidades.UtilidadesTCS.validateTextEqualTo(UtilidadesTCS.java:413)
civica.nacional.iOS.steps.PasarPlataCivicaSteps.validarSaldosInicialesCivica(PasarPlataCivicaSteps.java:71)
civica.nacional.iOS.definitions.PasarPlataCivicaDefinitions.validoSaldosInicialesCivica(PasarPlataCivicaDefinitions.java:44)
✽.Valido saldos iniciales civica(src/test/resources/features/RecargarCelular.feature:41)
</system-err></testcase><testcase name="CP0045M_SYS_Realizar una recarga de celular con un usuario TI."><failure message="&#10;Expected: &quot;540200&quot;&#10;     but: was &quot;500360&quot;" type="java.lang.AssertionError">
Expected: "540200"
     but: was "500360"</failure><system-err>
Expected: "540200"
     but: was "500360"
civica.nacional.iOS.utilidades.UtilidadesTCS.validateTextEqualTo(UtilidadesTCS.java:413)
civica.nacional.iOS.steps.PasarPlataCivicaSteps.validarSaldosInicialesCivica(PasarPlataCivicaSteps.java:71)
civica.nacional.iOS.definitions.PasarPlataCivicaDefinitions.validoSaldosInicialesCivica(PasarPlataCivicaDefinitions.java:44)
✽.Valido saldos iniciales civica(src/test/resources/features/RecargarCelular.feature:66)
</system-err></testcase></testsuite>