<?xml version="1.0" encoding="UTF-8"?><testsuite errors="0" failures="1" name="Cambio de clave" skipped="0" tests="1" time="107.27" timestamp="2024-02-12 09:09:03"><testcase name="CP0017DM_SYS_Validar el pop up de rechazo cuando ingresas una clave que inicia por 19 ó 20 ."><failure message="Tiempo de espera excedido: Expected condition failed: waiting for presence of element located by: By.xpath: //XCUIElementTypeStaticText[contains(@name,'$')] (tried for 1 second(s) with 500 milliseconds interval)" type="java.lang.AssertionError">Tiempo de espera excedido: Expected condition failed: waiting for presence of element located by: By.xpath: //XCUIElementTypeStaticText[contains(@name,'$')] (tried for 1 second(s) with 500 milliseconds interval)</failure><system-err>Tiempo de espera excedido: Expected condition failed: waiting for presence of element located by: By.xpath: //XCUIElementTypeStaticText[contains(@name,'$')] (tried for 1 second(s) with 500 milliseconds interval)
civica.nacional.iOS.steps.LoginCivicaSteps.verifyToBeInsideTheApp(LoginCivicaSteps.java:152)
civica.nacional.iOS.definitions.LoginCivicaDefinitions.verificoQueMeEncuentroEnElInicioDeLaApp(LoginCivicaDefinitions.java:54)
✽.verifico que me encuentro en el inicio de la app(src/test/resources/features/CambioClaveCivica.feature:141)
</system-err></testcase></testsuite>