<?xml version="1.0" encoding="UTF-8"?><testsuite errors="0" failures="1" name="Transporte Cívica" skipped="0" tests="1" time="289.99" timestamp="2024-08-22 11:01:38"><testcase name="CP0090M_SYS_Validaciones de funcionalidades en el módulo Transporte Cívica desde Home privado"><failure message="El elemento no es visible después de esperarorg.openqa.selenium.TimeoutException: Expected condition failed: waiting for presence of element located by: By.xpath: //XCUIElementTypeStaticText[contains(@name,'$')] (tried for 1 second(s) with 500 milliseconds interval)" type="java.lang.AssertionError">El elemento no es visible después de esperarorg.openqa.selenium.TimeoutException: Expected condition failed: waiting for presence of element located by: By.xpath: //XCUIElementTypeStaticText[contains(@name,'$')] (tried for 1 second(s) with 500 milliseconds interval)</failure><system-err>El elemento no es visible después de esperarorg.openqa.selenium.TimeoutException: Expected condition failed: waiting for presence of element located by: By.xpath: //XCUIElementTypeStaticText[contains(@name,'$')] (tried for 1 second(s) with 500 milliseconds interval)
civica.nacional.iOS.steps.TransporteCivicaSteps.validateFavoriteRoutes(TransporteCivicaSteps.java:95)
civica.nacional.iOS.definitions.TransporteCivicaDefinitions.validoSiElUsuarioTieneTrayectosGuardadosComoFavoritos(TransporteCivicaDefinitions.java:24)
✽.Valido si el usuario tiene trayectos guardados como favoritos(src/test/resources/features/TransporteCivica.feature:15)
</system-err></testcase></testsuite>