<?xml version="1.0" encoding="UTF-8"?><testsuite errors="0" failures="1" name="Recargar por PSE" skipped="0" tests="1" time="320.37" timestamp="2023-12-12 10:59:13"><testcase name="Recargar por PSE - Realizar una recarga por PSE Civicapay"><failure message="No se encontró el elemento: //XCUIElementTypeStaticText[@name=&quot;Completa los datos para recargar Cívica Pay&quot;], debido a: Expected condition failed: waiting for visibility of element located by By.xpath: //XCUIElementTypeStaticText[@name=&quot;Completa los datos para recargar Cívica Pay&quot;] (tried for 10 second(s) with 500 milliseconds interval)" type="java.lang.AssertionError">No se encontró el elemento: //XCUIElementTypeStaticText[@name="Completa los datos para recargar Cívica Pay"], debido a: Expected condition failed: waiting for visibility of element located by By.xpath: //XCUIElementTypeStaticText[@name="Completa los datos para recargar Cívica Pay"] (tried for 10 second(s) with 500 milliseconds interval)</failure><system-err>No se encontró el elemento: //XCUIElementTypeStaticText[@name="Completa los datos para recargar Cívica Pay"], debido a: Expected condition failed: waiting for visibility of element located by By.xpath: //XCUIElementTypeStaticText[@name="Completa los datos para recargar Cívica Pay"] (tried for 10 second(s) with 500 milliseconds interval)
civica.nacional.iOS.utilidades.UtilidadesTCS.esperarElementVisibility(UtilidadesTCS.java:271)
civica.nacional.iOS.utilidades.UtilidadesTCS.esperarElementVisibility(UtilidadesTCS.java:269)
civica.nacional.iOS.utilidades.UtilidadesTCS.esperarElementVisibility(UtilidadesTCS.java:269)
civica.nacional.iOS.utilidades.UtilidadesTCS.esperarElementVisibility(UtilidadesTCS.java:269)
civica.nacional.iOS.utilidades.UtilidadesTCS.esperarElementVisibility(UtilidadesTCS.java:269)
civica.nacional.iOS.utilidades.UtilidadesTCS.esperarElementVisibility(UtilidadesTCS.java:269)
civica.nacional.iOS.utilidades.UtilidadesTCS.esperarElementVisibility(UtilidadesTCS.java:269)
civica.nacional.iOS.utilidades.UtilidadesTCS.esperarElementVisibility(UtilidadesTCS.java:269)
civica.nacional.iOS.utilidades.UtilidadesTCS.esperarElementVisibility(UtilidadesTCS.java:269)
civica.nacional.iOS.utilidades.UtilidadesTCS.esperarElementVisibility(UtilidadesTCS.java:269)
civica.nacional.iOS.utilidades.UtilidadesTCS.esperarElementVisibility(UtilidadesTCS.java:269)
civica.nacional.iOS.utilidades.UtilidadesTCS.esperarElementVisibility(UtilidadesTCS.java:269)
civica.nacional.iOS.utilidades.UtilidadesTCS.esperarElementVisibility(UtilidadesTCS.java:269)
civica.nacional.iOS.utilidades.UtilidadesTCS.esperarElementVisibility(UtilidadesTCS.java:269)
civica.nacional.iOS.utilidades.UtilidadesTCS.esperarElementVisibility(UtilidadesTCS.java:269)
civica.nacional.iOS.steps.RecargaPseCivicaPaySteps.enterModuleRecargarCivicaPay(RecargaPseCivicaPaySteps.java:16)
civica.nacional.iOS.definitions.RecargaPseCivicaPayDefinitions.ingresoAlModuloRecargarCiviPay(RecargaPseCivicaPayDefinitions.java:24)
✽.ingreso al modulo 'Recargar CivicaPay' "3215248867" "10000" "BANCO UNION COLOMBIANO"(src/test/resources/features/RecargaPseCivicaPay.feature:13)
</system-err></testcase></testsuite>