<?xml version="1.0" encoding="UTF-8"?><testsuite errors="0" failures="1" name="Cambio de dispositivo Core - Cívica." skipped="0" tests="1" time="40.17" timestamp="2023-11-24 08:45:57"><testcase name="Cambio de dispositivo - Validar el ingreso a la APP Cívica con un usuario MET - CC."><failure message="No pudo interactuar con el elemento: //XCUIElementTypeOther[@name=&quot;Ingresa o regístrate&quot;]" type="java.lang.AssertionError">No pudo interactuar con el elemento: //XCUIElementTypeOther[@name="Ingresa o regístrate"]</failure><system-err>No pudo interactuar con el elemento: //XCUIElementTypeOther[@name="Ingresa o regístrate"]
daviplata.nacional.iOS.utilidades.UtilidadesTCS.clicElement(UtilidadesTCS.java:167)
daviplata.nacional.iOS.steps.LoginRobustoSteps.enterCredentials(LoginRobustoSteps.java:44)
daviplata.nacional.iOS.definitions.LoginRobustoDefinitions.ingresoLasCredenciales(LoginRobustoDefinitions.java:45)
✽.ingreso las credenciales "CC" "10305051" "1425"(src/test/resources/features/CambioDispositivoCore.feature:10)
</system-err></testcase></testsuite>