<?xml version="1.0" encoding="UTF-8"?><testsuite errors="0" failures="1" name="Recargar tarjeta Cívica" skipped="0" tests="1" time="121.75" timestamp="2023-12-12 02:47:16"><testcase name="Realizar un recarga de tarjeta civica exitoso con un usuario MET a un usuario CC."><failure message="No pudo interactuar con el elemento: //XCUIElementTypeAlert/XCUIElementTypeOther/XCUIElementTypeOther/XCUIElementTypeOther[2]/XCUIElementTypeScrollView[2]/XCUIElementTypeOther[1]/XCUIElementTypeOther/XCUIElementTypeOther[3]" type="java.lang.AssertionError">No pudo interactuar con el elemento: //XCUIElementTypeAlert/XCUIElementTypeOther/XCUIElementTypeOther/XCUIElementTypeOther[2]/XCUIElementTypeScrollView[2]/XCUIElementTypeOther[1]/XCUIElementTypeOther/XCUIElementTypeOther[3]</failure><system-err>No pudo interactuar con el elemento: //XCUIElementTypeAlert/XCUIElementTypeOther/XCUIElementTypeOther/XCUIElementTypeOther[2]/XCUIElementTypeScrollView[2]/XCUIElementTypeOther[1]/XCUIElementTypeOther/XCUIElementTypeOther[3]
civica.nacional.iOS.utilidades.UtilidadesTCS.clicElement(UtilidadesTCS.java:161)
civica.nacional.iOS.steps.LoginCivicaSteps.signOut(LoginCivicaSteps.java:156)
civica.nacional.iOS.definitions.LoginCivicaDefinitions.cerrarSesionDesdeElHome(LoginCivicaDefinitions.java:71)
✽.Cerrar sesion desde el home(src/test/resources/features/RecargaTarjetaCivica.feature:15)
</system-err></testcase></testsuite>