<?xml version="1.0" encoding="UTF-8"?><testsuite errors="0" failures="1" name="Cambio de clave" skipped="0" tests="1" time="197.87" timestamp="2024-09-02 09:01:00"><testcase name="Cambio_Clave_CP0014M_SYS_Realizar el cambio de clave para un usuario MET - CC."><failure message="Expected condition failed: waiting for presence of element located by: By.xpath: //XCUIElementTypeStaticText[contains(@name,'$')] (tried for 1 second(s) with 500 milliseconds interval)" type="java.lang.AssertionError">Expected condition failed: waiting for presence of element located by: By.xpath: //XCUIElementTypeStaticText[contains(@name,'$')] (tried for 1 second(s) with 500 milliseconds interval)</failure><system-err>Expected condition failed: waiting for presence of element located by: By.xpath: //XCUIElementTypeStaticText[contains(@name,'$')] (tried for 1 second(s) with 500 milliseconds interval)
civica.nacional.iOS.steps.LoginCivicaSteps.verifyToBeInsideTheApp(LoginCivicaSteps.java:275)
civica.nacional.iOS.definitions.LoginCivicaDefinitions.verificoQueMeEncuentroEnElInicioDeLaApp(LoginCivicaDefinitions.java:53)
✽.verifico que me encuentro en el inicio de la app(src/test/resources/features/CambioClaveCivica.feature:15)
</system-err></testcase></testsuite>