<?xml version="1.0" encoding="UTF-8"?><testsuite errors="0" failures="1" name="Registro Civica" skipped="0" tests="1" time="197.15" timestamp="2023-12-27 04:08:04"><testcase name="CP0026M_SYS_VValidar el registro de un usuario CE, quede con subtipo MET + Mensaje de Bienvenida"><failure message="No pudo interactuar con el elemento: (//XCUIElementTypeButton[@name=&quot;Continuar&quot;])[2]" type="java.lang.AssertionError">No pudo interactuar con el elemento: (//XCUIElementTypeButton[@name="Continuar"])[2]</failure><system-err>No pudo interactuar con el elemento: (//XCUIElementTypeButton[@name="Continuar"])[2]
civica.nacional.iOS.utilidades.UtilidadesTCS.clicElement(UtilidadesTCS.java:164)
civica.nacional.iOS.steps.RegistroCivicaSteps.authorizeTermsCond(RegistroCivicaSteps.java:216)
civica.nacional.iOS.definitions.RegistroCivicaDefinitions.autorizoTerminosYCondiciones(RegistroCivicaDefinitions.java:59)
✽.autorizo terminos y condiciones "3214411394"(src/test/resources/features/RegistroCivica.feature:31)
</system-err></testcase></testsuite>