<?xml version="1.0" encoding="UTF-8"?><testsuite errors="1" failures="0" name="Recargar tarjeta Cívica" skipped="0" tests="1" time="17.42" timestamp="2023-12-12 09:51:02"><testcase name="Realizar un recarga de tarjeta civica exitoso con un usuario MET a un usuario CC"><error type="java.lang.reflect.InvocationTargetException"/><system-err>null
io.appium.java_client.remote.AppiumCommandExecutor.createSession(AppiumCommandExecutor.java:209)
io.appium.java_client.remote.AppiumCommandExecutor.execute(AppiumCommandExecutor.java:231)
io.appium.java_client.DefaultGenericMobileDriver.execute(DefaultGenericMobileDriver.java:42)
io.appium.java_client.AppiumDriver.execute(AppiumDriver.java:1)
io.appium.java_client.DefaultGenericMobileDriver.&lt;init&gt;(DefaultGenericMobileDriver.java:38)
io.appium.java_client.AppiumDriver.&lt;init&gt;(AppiumDriver.java:84)
io.appium.java_client.AppiumDriver.&lt;init&gt;(AppiumDriver.java:94)
civica.nacional.iOS.utilidades.CustomAppiumDriver.iniciarAppiumDriver(CustomAppiumDriver.java:39)
civica.nacional.iOS.utilidades.CustomAppiumDriver.&lt;init&gt;(CustomAppiumDriver.java:18)
civica.nacional.iOS.definitions.Hooks.iniciarTests(Hooks.java:38)
cucumber.runner.UnskipableStep.executeStep(UnskipableStep.java:22)
cucumber.runner.Runner.runPickle(Runner.java:80)
civica.nacional.iOS.runners.RunnerPersonalizado.run(RunnerPersonalizado.java:62)
org.eclipse.jdt.internal.junit4.runner.JUnit4TestReference.run(JUnit4TestReference.java:93)
org.eclipse.jdt.internal.junit.runner.TestExecution.run(TestExecution.java:40)
org.eclipse.jdt.internal.junit.runner.RemoteTestRunner.runTests(RemoteTestRunner.java:529)
org.eclipse.jdt.internal.junit.runner.RemoteTestRunner.runTests(RemoteTestRunner.java:756)
org.eclipse.jdt.internal.junit.runner.RemoteTestRunner.run(RemoteTestRunner.java:452)
org.eclipse.jdt.internal.junit.runner.RemoteTestRunner.main(RemoteTestRunner.java:210)
</system-err></testcase></testsuite>