<?xml version="1.0" encoding="UTF-8"?><testsuite errors="0" failures="7" name="Cambio de dispositivo Cívica." skipped="0" tests="8" time="703.52" timestamp="2024-08-08 10:26:29"><testcase name="CP0007M_SYS_Validar el ingreso a la APP Cívica con un usuario MET - CC."/><testcase name="CP0008M_SYS_Validar el ingreso a la APP Cívica con un usuario MET - CE."><failure message="No se pudo interactuar con el elementoorg.openqa.selenium.TimeoutException: Expected condition failed: waiting for visibility of element located by By.xpath: //XCUIElementTypePickerWheel[@value=&quot;Cédula de ciudadanía&quot;] (tried for 10 second(s) with 500 milliseconds interval)" type="java.lang.AssertionError">No se pudo interactuar con el elementoorg.openqa.selenium.TimeoutException: Expected condition failed: waiting for visibility of element located by By.xpath: //XCUIElementTypePickerWheel[@value="Cédula de ciudadanía"] (tried for 10 second(s) with 500 milliseconds interval)</failure><system-err>No se pudo interactuar con el elementoorg.openqa.selenium.TimeoutException: Expected condition failed: waiting for visibility of element located by By.xpath: //XCUIElementTypePickerWheel[@value="Cédula de ciudadanía"] (tried for 10 second(s) with 500 milliseconds interval)
civica.nacional.iOS.steps.LoginCivicaSteps.enterCredentials(LoginCivicaSteps.java:120)
civica.nacional.iOS.definitions.LoginCivicaDefinitions.ingresoLasCredenciales(LoginCivicaDefinitions.java:32)
✽.ingreso las credenciales "CE" "9999814" "2589"(src/test/resources/features/CambioDispositivoCivica.feature:23)
</system-err></testcase><testcase name="CP0009M_SYS_Validar el ingreso a la APP Cívica con un usuario MET - TI."><failure message="No se pudo interactuar con el elementoorg.openqa.selenium.TimeoutException: Expected condition failed: waiting for visibility of element located by By.xpath: //XCUIElementTypePickerWheel[@value=&quot;Cédula de ciudadanía&quot;] (tried for 10 second(s) with 500 milliseconds interval)" type="java.lang.AssertionError">No se pudo interactuar con el elementoorg.openqa.selenium.TimeoutException: Expected condition failed: waiting for visibility of element located by By.xpath: //XCUIElementTypePickerWheel[@value="Cédula de ciudadanía"] (tried for 10 second(s) with 500 milliseconds interval)</failure><system-err>No se pudo interactuar con el elementoorg.openqa.selenium.TimeoutException: Expected condition failed: waiting for visibility of element located by By.xpath: //XCUIElementTypePickerWheel[@value="Cédula de ciudadanía"] (tried for 10 second(s) with 500 milliseconds interval)
civica.nacional.iOS.steps.LoginCivicaSteps.enterCredentials(LoginCivicaSteps.java:120)
civica.nacional.iOS.definitions.LoginCivicaDefinitions.ingresoLasCredenciales(LoginCivicaDefinitions.java:32)
✽.ingreso las credenciales "TI" "1080406492" "2589"(src/test/resources/features/CambioDispositivoCivica.feature:36)
</system-err></testcase><testcase name="CP0010M_SYS_Validar el ingreso a la APP Cívica con un usuario MIGRADO."><failure message="No se pudo interactuar con el elementoorg.openqa.selenium.TimeoutException: Expected condition failed: waiting for visibility of element located by By.xpath: //XCUIElementTypePickerWheel[@value=&quot;Cédula de ciudadanía&quot;] (tried for 10 second(s) with 500 milliseconds interval)" type="java.lang.AssertionError">No se pudo interactuar con el elementoorg.openqa.selenium.TimeoutException: Expected condition failed: waiting for visibility of element located by By.xpath: //XCUIElementTypePickerWheel[@value="Cédula de ciudadanía"] (tried for 10 second(s) with 500 milliseconds interval)</failure><system-err>No se pudo interactuar con el elementoorg.openqa.selenium.TimeoutException: Expected condition failed: waiting for visibility of element located by By.xpath: //XCUIElementTypePickerWheel[@value="Cédula de ciudadanía"] (tried for 10 second(s) with 500 milliseconds interval)
civica.nacional.iOS.steps.LoginCivicaSteps.enterCredentials(LoginCivicaSteps.java:120)
civica.nacional.iOS.definitions.LoginCivicaDefinitions.ingresoLasCredenciales(LoginCivicaDefinitions.java:32)
✽.ingreso las credenciales "CC" "10305051" "2589"(src/test/resources/features/CambioDispositivoCivica.feature:49)
</system-err></testcase><testcase name="CP0011M_SYS_Validar el ingreso a la APP Cívica con un usuario BMO."><failure message="No se pudo interactuar con el elementoorg.openqa.selenium.TimeoutException: Expected condition failed: waiting for visibility of element located by By.xpath: //XCUIElementTypePickerWheel[@value=&quot;Cédula de ciudadanía&quot;] (tried for 10 second(s) with 500 milliseconds interval)" type="java.lang.AssertionError">No se pudo interactuar con el elementoorg.openqa.selenium.TimeoutException: Expected condition failed: waiting for visibility of element located by By.xpath: //XCUIElementTypePickerWheel[@value="Cédula de ciudadanía"] (tried for 10 second(s) with 500 milliseconds interval)</failure><system-err>No se pudo interactuar con el elementoorg.openqa.selenium.TimeoutException: Expected condition failed: waiting for visibility of element located by By.xpath: //XCUIElementTypePickerWheel[@value="Cédula de ciudadanía"] (tried for 10 second(s) with 500 milliseconds interval)
civica.nacional.iOS.steps.LoginCivicaSteps.enterCredentials(LoginCivicaSteps.java:120)
civica.nacional.iOS.definitions.LoginCivicaDefinitions.ingresoLasCredenciales(LoginCivicaDefinitions.java:32)
✽.ingreso las credenciales "CC" "10305051" "2589"(src/test/resources/features/CambioDispositivoCivica.feature:62)
</system-err></testcase><testcase name="CP00111M_SYS_Validar el ingreso a la APP Cívica con un usuario DAVIPLATA."><failure message="No se pudo interactuar con el elementoorg.openqa.selenium.TimeoutException: Expected condition failed: waiting for visibility of element located by By.xpath: //XCUIElementTypePickerWheel[@value=&quot;Cédula de ciudadanía&quot;] (tried for 10 second(s) with 500 milliseconds interval)" type="java.lang.AssertionError">No se pudo interactuar con el elementoorg.openqa.selenium.TimeoutException: Expected condition failed: waiting for visibility of element located by By.xpath: //XCUIElementTypePickerWheel[@value="Cédula de ciudadanía"] (tried for 10 second(s) with 500 milliseconds interval)</failure><system-err>No se pudo interactuar con el elementoorg.openqa.selenium.TimeoutException: Expected condition failed: waiting for visibility of element located by By.xpath: //XCUIElementTypePickerWheel[@value="Cédula de ciudadanía"] (tried for 10 second(s) with 500 milliseconds interval)
civica.nacional.iOS.steps.LoginCivicaSteps.enterCredentials(LoginCivicaSteps.java:120)
civica.nacional.iOS.definitions.LoginCivicaDefinitions.ingresoLasCredenciales(LoginCivicaDefinitions.java:32)
✽.ingreso las credenciales "CE" "9999814" "2589"(src/test/resources/features/CambioDispositivoCivica.feature:75)
</system-err></testcase><testcase name="CP00112M_SYS_Validar el ingreso a la APP Cívica con un usuario RAPPI."><failure message="No se pudo interactuar con el elementoorg.openqa.selenium.TimeoutException: Expected condition failed: waiting for visibility of element located by By.xpath: //XCUIElementTypePickerWheel[@value=&quot;Cédula de ciudadanía&quot;] (tried for 10 second(s) with 500 milliseconds interval)" type="java.lang.AssertionError">No se pudo interactuar con el elementoorg.openqa.selenium.TimeoutException: Expected condition failed: waiting for visibility of element located by By.xpath: //XCUIElementTypePickerWheel[@value="Cédula de ciudadanía"] (tried for 10 second(s) with 500 milliseconds interval)</failure><system-err>No se pudo interactuar con el elementoorg.openqa.selenium.TimeoutException: Expected condition failed: waiting for visibility of element located by By.xpath: //XCUIElementTypePickerWheel[@value="Cédula de ciudadanía"] (tried for 10 second(s) with 500 milliseconds interval)
civica.nacional.iOS.steps.LoginCivicaSteps.enterCredentials(LoginCivicaSteps.java:120)
civica.nacional.iOS.definitions.LoginCivicaDefinitions.ingresoLasCredenciales(LoginCivicaDefinitions.java:32)
✽.ingreso las credenciales "CE" "9999814" "2589"(src/test/resources/features/CambioDispositivoCivica.feature:89)
</system-err></testcase><testcase name="CP0012M_SYS_Ingreso con clave errónea."><failure message="No se pudo interactuar con el elementoorg.openqa.selenium.TimeoutException: Expected condition failed: waiting for visibility of element located by By.xpath: //XCUIElementTypePickerWheel[@value=&quot;Cédula de ciudadanía&quot;] (tried for 10 second(s) with 500 milliseconds interval)" type="java.lang.AssertionError">No se pudo interactuar con el elementoorg.openqa.selenium.TimeoutException: Expected condition failed: waiting for visibility of element located by By.xpath: //XCUIElementTypePickerWheel[@value="Cédula de ciudadanía"] (tried for 10 second(s) with 500 milliseconds interval)</failure><system-err>No se pudo interactuar con el elementoorg.openqa.selenium.TimeoutException: Expected condition failed: waiting for visibility of element located by By.xpath: //XCUIElementTypePickerWheel[@value="Cédula de ciudadanía"] (tried for 10 second(s) with 500 milliseconds interval)
civica.nacional.iOS.steps.LoginCivicaSteps.checkWrongPassword(LoginCivicaSteps.java:262)
civica.nacional.iOS.definitions.LoginCivicaDefinitions.validarElMensajeDeRechazoCuandoSeIngresaMalLaClaveDeIngreso(LoginCivicaDefinitions.java:58)
✽.Validar el mensaje de rechazo cuando se ingresa mal la clave de ingreso "CC" "999798" "0000" "2580"(src/test/resources/features/CambioDispositivoCivica.feature:102)
</system-err></testcase></testsuite>