<?xml version="1.0" encoding="UTF-8"?><testsuite errors="0" failures="1" name="Cambio de clave por olvido" skipped="0" tests="1" time="89.54" timestamp="2024-08-28 10:23:34"><testcase name="CP0020M_SYS_Realizar el cambio de clave para un usuario MET - TI."><failure message="No se pudo interactuar con el elementoorg.openqa.selenium.TimeoutException: Expected condition failed: waiting for visibility of element located by By.xpath: //XCUIElementTypePickerWheel[@value=&quot;Cédula de ciudadanía&quot;] (tried for 10 second(s) with 500 milliseconds interval)" type="java.lang.AssertionError">No se pudo interactuar con el elementoorg.openqa.selenium.TimeoutException: Expected condition failed: waiting for visibility of element located by By.xpath: //XCUIElementTypePickerWheel[@value="Cédula de ciudadanía"] (tried for 10 second(s) with 500 milliseconds interval)</failure><system-err>No se pudo interactuar con el elementoorg.openqa.selenium.TimeoutException: Expected condition failed: waiting for visibility of element located by By.xpath: //XCUIElementTypePickerWheel[@value="Cédula de ciudadanía"] (tried for 10 second(s) with 500 milliseconds interval)
civica.nacional.iOS.steps.CambioClaveOlvidoSteps.forgotPassOption(CambioClaveOlvidoSteps.java:49)
civica.nacional.iOS.definitions.CambioClaveOlvidoDefinitions.ingresoAlModuloOlvidasteTuClave(CambioClaveOlvidoDefinitions.java:25)
✽.ingreso al módulo 'Olvidaste tu clave' "TI" "1080406492"(src/test/resources/features/CambioClaveOlvidoCivica.feature:45)
</system-err></testcase></testsuite>